[debug] [2022-02-23T20:35:27.714Z] ----------------------------------------------------------------------
[debug] [2022-02-23T20:35:27.718Z] Command:       C:\Program Files\nodejs\node.exe C:\Users\TribisAlex\AppData\Roaming\npm\node_modules\firebase-tools\lib\bin\firebase.js init
[debug] [2022-02-23T20:35:27.719Z] CLI Version:   10.2.1
[debug] [2022-02-23T20:35:27.720Z] Platform:      win32
[debug] [2022-02-23T20:35:27.720Z] Node Version:  v16.13.0
[debug] [2022-02-23T20:35:27.721Z] Time:          Wed Feb 23 2022 23:35:27 GMT+0300 (Москва, стандартное время)
[debug] [2022-02-23T20:35:27.722Z] ----------------------------------------------------------------------
[debug] 
[debug] [2022-02-23T20:35:27.849Z] > command requires scopes: ["email","openid","https://www.googleapis.com/auth/cloudplatformprojects.readonly","https://www.googleapis.com/auth/firebase","https://www.googleapis.com/auth/cloud-platform"]
[debug] [2022-02-23T20:35:27.850Z] > authorizing via signed-in user (tribisalexandr@gmail.com)
[info] 
     ######## #### ########  ######## ########     ###     ######  ########
     ##        ##  ##     ## ##       ##     ##  ##   ##  ##       ##
     ######    ##  ########  ######   ########  #########  ######  ######
     ##        ##  ##    ##  ##       ##     ## ##     ##       ## ##
     ##       #### ##     ## ######## ########  ##     ##  ######  ########

You're about to initialize a Firebase project in this directory:

  D:\iTransition\course-project\course_project

Before we get started, keep in mind:

  * You are initializing within an existing Firebase project directory

[info] 
=== Project Setup
[info] 
[info] First, let's associate this project directory with a Firebase project.
[info] You can create multiple project aliases by running firebase use --add, 
[info] but for now we'll just set up a default project.
[info] 
[debug] [2022-02-23T20:35:45.143Z] Using project from CLI flag: ittansition-kp
[debug] [2022-02-23T20:35:45.144Z] > refreshing access token with scopes: []
[debug] [2022-02-23T20:35:45.144Z] >>> HTTP REQUEST POST https://www.googleapis.com/oauth2/v3/token  
 <request body omitted>
[debug] [2022-02-23T20:35:45.531Z] <<< HTTP RESPONSE 200 {"cache-control":"no-cache, no-store, max-age=0, must-revalidate","date":"Wed, 23 Feb 2022 20:35:46 GMT","expires":"Mon, 01 Jan 1990 00:00:00 GMT","pragma":"no-cache","content-type":"application/json; charset=utf-8","vary":"X-Origin, Referer, Origin,Accept-Encoding","server":"scaffolding on HTTPServer2","x-xss-protection":"0","x-frame-options":"SAMEORIGIN","x-content-type-options":"nosniff","alt-svc":"h3=\":443\"; ma=2592000,h3-29=\":443\"; ma=2592000,h3-Q050=\":443\"; ma=2592000,h3-Q046=\":443\"; ma=2592000,h3-Q043=\":443\"; ma=2592000,quic=\":443\"; ma=2592000; v=\"46,43\"","accept-ranges":"none","transfer-encoding":"chunked"}
[debug] [2022-02-23T20:35:45.604Z] >>> [apiv2][query] GET https://firebase.googleapis.com/v1beta1/projects/ittansition-kp [none]
[debug] [2022-02-23T20:35:46.100Z] <<< [apiv2][status] GET https://firebase.googleapis.com/v1beta1/projects/ittansition-kp 200
[debug] [2022-02-23T20:35:46.101Z] <<< [apiv2][body] GET https://firebase.googleapis.com/v1beta1/projects/ittansition-kp {"projectId":"ittansition-kp","projectNumber":"613440559639","displayName":"iTtansition-KP","name":"projects/ittansition-kp","resources":{"hostingSite":"ittansition-kp"},"state":"ACTIVE"}
[info] i  Using project ittansition-kp (iTtansition-KP) 
[info] 
=== Hosting:github Setup
[info] 
[info] i  Detected a .git folder at D:\iTransition\course-project\course_project 
[info] i  Authorizing with GitHub to upload your service account to a GitHub repository's secrets store. 
[info] 
[info] Visit this URL on this device to log in:
[info] https://github.com/login/oauth/authorize?client_id=89cf50f02ac6aaed3484&state=474109105&redirect_uri=http%3A%2F%2Flocalhost%3A9005&scope=read%3Auser%20repo%20public_repo
[info] 
[info] Waiting for authentication...
[debug] [2022-02-23T20:35:46.991Z] >>> HTTP REQUEST POST https://github.com/login/oauth/access_token  
 {"client_id":"89cf50f02ac6aaed3484","client_secret":"3330d14abc895d9a74d5f17cd7a00711fa2c5bf0","code":"0bf6d2ab6dcd2108ecf6","redirect_uri":"http://localhost:9005","state":"474109105"}
[debug] [2022-02-23T20:35:47.442Z] <<< HTTP RESPONSE 200 {"server":"GitHub.com","date":"Wed, 23 Feb 2022 20:35:47 GMT","content-type":"application/json; charset=utf-8","transfer-encoding":"chunked","vary":"X-PJAX, X-PJAX-Container, Accept-Encoding, Accept, X-Requested-With","permissions-policy":"interest-cohort=()","etag":"W/\"5a643e8760d0a6efa2890bc2b513da9a\"","cache-control":"max-age=0, private, must-revalidate","strict-transport-security":"max-age=31536000; includeSubdomains; preload","x-frame-options":"deny","x-content-type-options":"nosniff","x-xss-protection":"0","referrer-policy":"origin-when-cross-origin, strict-origin-when-cross-origin","expect-ct":"max-age=2592000, report-uri=\"https://api.github.com/_private/browser/errors\"","content-security-policy":"default-src 'none'; base-uri 'self'; block-all-mixed-content; child-src github.com/assets-cdn/worker/ gist.github.com/assets-cdn/worker/; connect-src 'self' uploads.github.com objects-origin.githubusercontent.com www.githubstatus.com collector.githubapp.com collector.github.com api.github.com github-cloud.s3.amazonaws.com github-production-repository-file-5c1aeb.s3.amazonaws.com github-production-upload-manifest-file-7fdce7.s3.amazonaws.com github-production-user-asset-6210df.s3.amazonaws.com cdn.optimizely.com logx.optimizely.com/v1/events translator.github.com wss://alive.github.com; font-src github.githubassets.com; form-action 'self' github.com gist.github.com objects-origin.githubusercontent.com; frame-ancestors 'none'; frame-src render.githubusercontent.com viewscreen.githubusercontent.com notebooks.githubusercontent.com; img-src 'self' data: github.githubassets.com identicons.github.com collector.githubapp.com collector.github.com github-cloud.s3.amazonaws.com secured-user-images.githubusercontent.com/ *.githubusercontent.com; manifest-src 'self'; media-src github.com user-images.githubusercontent.com/; script-src github.githubassets.com; style-src 'unsafe-inline' github.githubassets.com; worker-src github.com/assets-cdn/worker/ gist.github.com/assets-cdn/worker/","x-github-request-id":"D73A:D770:24D886:26AA56:62169AA3"}
[debug] [2022-02-23T20:35:47.446Z] >>> [apiv2][query] GET https://api.github.com/user [none]
[debug] [2022-02-23T20:35:48.162Z] <<< [apiv2][status] GET https://api.github.com/user 200
[debug] [2022-02-23T20:35:48.163Z] <<< [apiv2][body] GET https://api.github.com/user {"login":"tribisalex","id":65135479,"node_id":"MDQ6VXNlcjY1MTM1NDc5","avatar_url":"https://avatars.githubusercontent.com/u/65135479?v=4","gravatar_id":"","url":"https://api.github.com/users/tribisalex","html_url":"https://github.com/tribisalex","followers_url":"https://api.github.com/users/tribisalex/followers","following_url":"https://api.github.com/users/tribisalex/following{/other_user}","gists_url":"https://api.github.com/users/tribisalex/gists{/gist_id}","starred_url":"https://api.github.com/users/tribisalex/starred{/owner}{/repo}","subscriptions_url":"https://api.github.com/users/tribisalex/subscriptions","organizations_url":"https://api.github.com/users/tribisalex/orgs","repos_url":"https://api.github.com/users/tribisalex/repos","events_url":"https://api.github.com/users/tribisalex/events{/privacy}","received_events_url":"https://api.github.com/users/tribisalex/received_events","type":"User","site_admin":false,"name":"Alexandr","company":null,"blog":"","location":null,"email":null,"hireable":null,"bio":null,"twitter_username":null,"public_repos":15,"public_gists":0,"followers":0,"following":0,"created_at":"2020-05-10T20:55:26Z","updated_at":"2022-02-23T20:21:17Z","private_gists":0,"total_private_repos":0,"owned_private_repos":0,"disk_usage":23207,"collaborators":0,"two_factor_authentication":true,"plan":{"name":"free","space":976562499,"collaborators":0,"private_repos":10000}}
[info] 
[info] +  Success! Logged into GitHub as tribisalex 
[info] 
